This is pdfTeX, Version 3.14159265-2.6-1.40.15 (TeX Live 2014) (preloaded format=latex 2015.3.17)  18 SEP 2015 20:16
entering extended mode
 restricted \write18 enabled.
 %&-line parsing enabled.
**activiting_sdm_v2.tex
(./activiting_sdm_v2.tex
LaTeX2e <2014/05/01>
Babel <3.9k> and hyphenation patterns for 78 languages loaded.
(/usr/local/texlive/2014/texmf-dist/tex/latex/base/report.cls
Document Class: report 2007/10/19 v1.4h Standard LaTeX document class
(/usr/local/texlive/2014/texmf-dist/tex/latex/base/size12.clo
File: size12.clo 2007/10/19 v1.4h Standard LaTeX file (size option)
)
\c@part=\count79
\c@chapter=\count80
\c@section=\count81
\c@subsection=\count82
\c@subsubsection=\count83
\c@paragraph=\count84
\c@subparagraph=\count85
\c@figure=\count86
\c@table=\count87
\abovecaptionskip=\skip41
\belowcaptionskip=\skip42
\bibindent=\dimen102
)
(/usr/local/texlive/2014/texmf-dist/tex/latex/listings/listings.sty
(/usr/local/texlive/2014/texmf-dist/tex/latex/graphics/keyval.sty
Package: keyval 2014/05/08 v1.15 key=value parser (DPC)
\KV@toks@=\toks14
)
\lst@mode=\count88
\lst@gtempboxa=\box26
\lst@token=\toks15
\lst@length=\count89
\lst@currlwidth=\dimen103
\lst@column=\count90
\lst@pos=\count91
\lst@lostspace=\dimen104
\lst@width=\dimen105
\lst@newlines=\count92
\lst@lineno=\count93
\lst@maxwidth=\dimen106

(/usr/local/texlive/2014/texmf-dist/tex/latex/listings/lstmisc.sty
File: lstmisc.sty 2014/03/04 1.5c (Carsten Heinz)
\c@lstnumber=\count94
\lst@skipnumbers=\count95
\lst@framebox=\box27
)
(/usr/local/texlive/2014/texmf-dist/tex/latex/listings/listings.cfg
File: listings.cfg 2014/03/04 1.5c listings configuration
))
Package: listings 2014/03/04 1.5c (Carsten Heinz)

(/usr/local/texlive/2014/texmf-dist/tex/latex/amsmath/amsmath.sty
Package: amsmath 2013/01/14 v2.14 AMS math features
\@mathmargin=\skip43

For additional information on amsmath, use the `?' option.
(/usr/local/texlive/2014/texmf-dist/tex/latex/amsmath/amstext.sty
Package: amstext 2000/06/29 v2.01

(/usr/local/texlive/2014/texmf-dist/tex/latex/amsmath/amsgen.sty
File: amsgen.sty 1999/11/30 v2.0
\@emptytoks=\toks16
\ex@=\dimen107
))
(/usr/local/texlive/2014/texmf-dist/tex/latex/amsmath/amsbsy.sty
Package: amsbsy 1999/11/29 v1.2d
\pmbraise@=\dimen108
)
(/usr/local/texlive/2014/texmf-dist/tex/latex/amsmath/amsopn.sty
Package: amsopn 1999/12/14 v2.01 operator names
)
\inf@bad=\count96
LaTeX Info: Redefining \frac on input line 210.
\uproot@=\count97
\leftroot@=\count98
LaTeX Info: Redefining \overline on input line 306.
\classnum@=\count99
\DOTSCASE@=\count100
LaTeX Info: Redefining \ldots on input line 378.
LaTeX Info: Redefining \dots on input line 381.
LaTeX Info: Redefining \cdots on input line 466.
\Mathstrutbox@=\box28
\strutbox@=\box29
\big@size=\dimen109
LaTeX Font Info:    Redeclaring font encoding OML on input line 566.
LaTeX Font Info:    Redeclaring font encoding OMS on input line 567.
\macc@depth=\count101
\c@MaxMatrixCols=\count102
\dotsspace@=\muskip10
\c@parentequation=\count103
\dspbrk@lvl=\count104
\tag@help=\toks17
\row@=\count105
\column@=\count106
\maxfields@=\count107
\andhelp@=\toks18
\eqnshift@=\dimen110
\alignsep@=\dimen111
\tagshift@=\dimen112
\tagwidth@=\dimen113
\totwidth@=\dimen114
\lineht@=\dimen115
\@envbody=\toks19
\multlinegap=\skip44
\multlinetaggap=\skip45
\mathdisplay@stack=\toks20
LaTeX Info: Redefining \[ on input line 2665.
LaTeX Info: Redefining \] on input line 2666.
)
(/usr/local/texlive/2014/texmf-dist/tex/latex/amsfonts/amsfonts.sty
Package: amsfonts 2013/01/14 v3.01 Basic AMSFonts support
\symAMSa=\mathgroup4
\symAMSb=\mathgroup5
LaTeX Font Info:    Overwriting math alphabet `\mathfrak' in version `bold'
(Font)                  U/euf/m/n --> U/euf/b/n on input line 106.
)
(/usr/local/texlive/2014/texmf-dist/tex/latex/amsfonts/amssymb.sty
Package: amssymb 2013/01/14 v3.01 AMS font symbols
)
(/usr/local/texlive/2014/texmf-dist/tex/latex/graphics/graphicx.sty
Package: graphicx 2014/04/25 v1.0g Enhanced LaTeX Graphics (DPC,SPQR)

(/usr/local/texlive/2014/texmf-dist/tex/latex/graphics/graphics.sty
Package: graphics 2009/02/05 v1.0o Standard LaTeX Graphics (DPC,SPQR)

(/usr/local/texlive/2014/texmf-dist/tex/latex/graphics/trig.sty
Package: trig 1999/03/16 v1.09 sin cos tan (DPC)
)
(/usr/local/texlive/2014/texmf-dist/tex/latex/latexconfig/graphics.cfg
File: graphics.cfg 2010/04/23 v1.9 graphics configuration of TeX Live
)
Package graphics Info: Driver file: dvips.def on input line 91.

(/usr/local/texlive/2014/texmf-dist/tex/latex/graphics/dvips.def
File: dvips.def 2014/04/23 v3.0j Driver-dependant file (DPC,SPQR)
))
\Gin@req@height=\dimen116
\Gin@req@width=\dimen117
)
(/usr/local/texlive/2014/texmf-dist/tex/latex/subfigure/subfigure.sty
Package: subfigure 2002/03/15 v2.1.5 subfigure package
\subfigtopskip=\skip46
\subfigcapskip=\skip47
\subfigcaptopadj=\dimen118
\subfigbottomskip=\skip48
\subfigcapmargin=\dimen119
\subfiglabelskip=\skip49
\c@subfigure=\count108
\c@lofdepth=\count109
\c@subtable=\count110
\c@lotdepth=\count111

****************************************
* Local config file subfigure.cfg used *
****************************************
(/usr/local/texlive/2014/texmf-dist/tex/latex/subfigure/subfigure.cfg)
\subfig@top=\skip50
\subfig@bottom=\skip51
)
(/usr/local/texlive/2014/texmf-dist/tex/latex/graphics/epsfig.sty
Package: epsfig 1999/02/16 v1.7a (e)psfig emulation (SPQR)
\epsfxsize=\dimen120
\epsfysize=\dimen121
)
(./algorithm2e.sty
Package: algorithm2e 2005/10/04 v3.9 algorithms environments
\c@AlgoLine=\count112

(/usr/local/texlive/2014/texmf-dist/tex/latex/base/ifthen.sty
Package: ifthen 2001/05/26 v1.1c Standard LaTeX ifthen package (DPC)
)
(/usr/local/texlive/2014/texmf-dist/tex/latex/tools/xspace.sty
Package: xspace 2009/10/20 v1.13 Space after command names (DPC,MH)
)
********************************************************
Package `algorithm2e' Release 3.9 -- october 04 2005 --
- algorithm2e-announce@lirmm.fr mailing list for announcement about releases
- algorithm2e-discussion@lirmm.fr mailing list for discussion about package
subscribe by emailing sympa@lirmm.fr with 'subscribe <list> <firstname name>'
- Author: Christophe Fiorio (fiorio@lirmm.fr)
********************************************************
\skiptotal=\skip52
\skiprule=\skip53
\skiphlne=\skip54
\skiptext=\skip55
\skiplength=\skip56
\algomargin=\skip57
\skipalgocfslide=\skip58
\algowidth=\dimen122
\inoutsize=\dimen123
\inoutline=\dimen124
\algocf@inoutbox=\box30
\algocf@inputbox=\box31
\AlCapSkip=\skip59
\AlCapHSkip=\skip60
\algocf@capbox=\box32
\c@algocfline=\count113
\c@algocf=\count114
\algocf@algoframe=\box33
\algocf@algobox=\box34
) (/usr/local/texlive/2014/texmf-dist/tex/latex/setspace/setspace.sty
Package: setspace 2011/12/19 v6.7a set line spacing
)
(/usr/local/texlive/2014/texmf-dist/tex/latex/url/url.sty
\Urlmuskip=\muskip11
Package: url 2013/09/16  ver 3.4  Verb mode for urls, etc.
)
(/usr/local/texlive/2014/texmf-dist/tex/latex/cases/cases.sty
Package: cases 2002/05/02 ver 2.5 
)
(/usr/local/texlive/2014/texmf-dist/tex/latex/comment/comment.sty
\CommentStream=\write3

Excluding comment 'comment')
(/usr/local/texlive/2014/texmf-dist/tex/latex/graphics/color.sty
Package: color 2014/04/23 v1.1a Standard LaTeX Color (DPC)

(/usr/local/texlive/2014/texmf-dist/tex/latex/latexconfig/color.cfg
File: color.cfg 2007/01/18 v1.5 color configuration of teTeX/TeXLive
)
Package color Info: Driver file: dvips.def on input line 137.

(/usr/local/texlive/2014/texmf-dist/tex/latex/graphics/dvipsnam.def
File: dvipsnam.def 2014/04/23 v3.0j Driver-dependant file (DPC,SPQR)
))
(./algorithmic.sty
Package: algorithmic 2009/08/24 v0.1 Document Style `algorithmic'
\c@ALC@unique=\count115
\c@ALC@line=\count116
\c@ALC@rem=\count117
\c@ALC@depth=\count118
\ALC@tlm=\skip61
\algorithmicindent=\skip62
)
(/usr/local/texlive/2014/texmf-dist/tex/latex/eso-pic/eso-pic.sty
Package: eso-pic 2013/10/06 v2.0d eso-pic (RN)

(/usr/local/texlive/2014/texmf-dist/tex/generic/oberdiek/atbegshi.sty
Package: atbegshi 2011/10/05 v1.16 At begin shipout hook (HO)

(/usr/local/texlive/2014/texmf-dist/tex/generic/oberdiek/infwarerr.sty
Package: infwarerr 2010/04/08 v1.3 Providing info/warning/error messages (HO)
)
(/usr/local/texlive/2014/texmf-dist/tex/generic/oberdiek/ltxcmds.sty
Package: ltxcmds 2011/11/09 v1.22 LaTeX kernel commands for general use (HO)
)
(/usr/local/texlive/2014/texmf-dist/tex/generic/oberdiek/ifpdf.sty
Package: ifpdf 2011/01/30 v2.3 Provides the ifpdf switch (HO)
Package ifpdf Info: pdfTeX in PDF mode is not detected.
)))
\c@definition=\count119

(./activiting_sdm_v2.aux

LaTeX Warning: Label `def:problem1' multiply defined.

)
\openout1 = `activiting_sdm_v2.aux'.

LaTeX Font Info:    Checking defaults for OML/cmm/m/it on input line 47.
LaTeX Font Info:    ... okay on input line 47.
LaTeX Font Info:    Checking defaults for T1/cmr/m/n on input line 47.
LaTeX Font Info:    ... okay on input line 47.
LaTeX Font Info:    Checking defaults for OT1/cmr/m/n on input line 47.
LaTeX Font Info:    ... okay on input line 47.
LaTeX Font Info:    Checking defaults for OMS/cmsy/m/n on input line 47.
LaTeX Font Info:    ... okay on input line 47.
LaTeX Font Info:    Checking defaults for OMX/cmex/m/n on input line 47.
LaTeX Font Info:    ... okay on input line 47.
LaTeX Font Info:    Checking defaults for U/cmr/m/n on input line 47.
LaTeX Font Info:    ... okay on input line 47.
\c@lstlisting=\count120
\AtBeginShipoutBox=\box35
 (./activiting_sdm_v2.toc
LaTeX Font Info:    Try loading font information for U+msa on input line 3.

(/usr/local/texlive/2014/texmf-dist/tex/latex/amsfonts/umsa.fd
File: umsa.fd 2013/01/14 v3.01 AMS symbols A
)
LaTeX Font Info:    Try loading font information for U+msb on input line 3.

(/usr/local/texlive/2014/texmf-dist/tex/latex/amsfonts/umsb.fd
File: umsb.fd 2013/01/14 v3.01 AMS symbols B
)
File: figures/logo.eps Graphic file (type eps)

<figures/logo.eps> [5


])
\tf@toc=\write4
\openout4 = `activiting_sdm_v2.toc'.

File: figures/logo.eps Graphic file (type eps)
 <figures/logo.eps> [6] (./activiting_sdm_v2.lof)
\tf@lof=\write5
\openout5 = `activiting_sdm_v2.lof'.

File: figures/logo.eps Graphic file (type eps)

<figures/logo.eps> [7

] (./activiting_sdm_v2.lot)
\tf@lot=\write6
\openout6 = `activiting_sdm_v2.lot'.

File: figures/logo.eps Graphic file (type eps)
 <figures/logo.eps> [8

]
(./1_introduction_v2.tex
Chapter 1.

Overfull \hbox (1.45845pt too wide) in paragraph at lines 10--11
[]\OT1/cmr/m/n/12 To pro-vide per-son-al-ized location-based ser-vices in LB-SN
s, such as coupons
 []

File: figures/logo.eps Graphic file (type eps)
<figures/logo.eps> [1

]
File: figures/logo.eps Graphic file (type eps)
 <figures/logo.eps> [2]
File: figures/problem.eps Graphic file (type eps)
 <figures/problem.eps>
LaTeX Font Info:    Try loading font information for OMS+cmr on input line 27.

(/usr/local/texlive/2014/texmf-dist/tex/latex/base/omscmr.fd
File: omscmr.fd 1999/05/25 v2.5h Standard LaTeX font definitions
)
LaTeX Font Info:    Font shape `OMS/cmr/m/n' in size <12> not available
(Font)              Font shape `OMS/cmsy/m/n' tried instead on input line 27.
File: figures/logo.eps Graphic file (type eps)

<figures/logo.eps> [3]) (./3_problem_v2.tex
File: figures/logo.eps Graphic file (type eps)
 <figures/logo.eps> [4]
Chapter 2.

Overfull \hbox (17.11272pt too wide) in paragraph at lines 8--12
\OT1/cmr/m/it/12 this pa-per. Hence, the ac-tiv-ity set $\OML/cmm/m/it/12 A \OT
1/cmr/m/n/12 = \OMS/cmsy/m/n/12 f\OML/cmm/m/it/12 AE; CU; E; F; NS; OR; PO; R; 
SS; TT\OMS/cmsy/m/n/12 g$\OT1/cmr/m/it/12 . 
 []

File: figures/logo.eps Graphic file (type eps)
<figures/logo.eps> [5

]
File: figures/framework.eps Graphic file (type eps)
 <figures/framework.eps>
File: figures/logo.eps Graphic file (type eps)
 <figures/logo.eps> [6])
(./4_inference_v2.tex
File: figures/logo.eps Graphic file (type eps)
 <figures/logo.eps> [7]
Chapter 3.
File: figures/logo.eps Graphic file (type eps)
<figures/logo.eps> [8

]
File: figures/network.eps Graphic file (type eps)
 <figures/network.eps>
File: figures/logo.eps Graphic file (type eps)
 <figures/logo.eps> [9]
File: figures/time_act_shop.eps Graphic file (type eps)

<figures/time_act_shop.eps>
File: figures/time_act_nightlife.eps Graphic file (type eps)
 <figures/time_act_nightlife.eps>
File: figures/time_act_outdoor.eps Graphic file (type eps)

<figures/time_act_outdoor.eps>
File: figures/time_act_food.eps Graphic file (type eps)
 <figures/time_act_food.eps>
File: figures/logo.eps Graphic file (type eps)
 <figures/logo.eps>
[10]
File: figures/logo.eps Graphic file (type eps)
 <figures/logo.eps> [11]
File: figures/logo.eps Graphic file (type eps)
 <figures/logo.eps> [12]
Overfull \hbox (35.03448pt too wide) in paragraph at lines 122--123
\OT1/cmr/m/n/12 dimensional Gaus-sian dis-tri-bu-tion to model mo-bil-ity from 
tra-jec-to-ries [[]][[]][[]][[]][[]].
 []

File: figures/logo.eps Graphic file (type eps)
<figures/logo.eps> [13]
Overfull \hbox (24.47487pt too wide) in paragraph at lines 130--131
\OT1/cmr/m/n/12 user, we dis-tinct check-in records into dif-fer-ent ac-tiv-i-t
ies, and ex-ploit Expectation--
 []

Missing character: There is no â in font cmr8!
Missing character: There is no ˆ in font cmr8!
Missing character: There is no ’ in font cmr8!
File: figures/logo.eps Graphic file (type eps)
<figures/logo.eps> [14]
File: figures/logo.eps Graphic file (type eps)
 <figures/logo.eps> [15]
LaTeX Font Info:    Try loading font information for OMS+cmtt on input line 162
.
LaTeX Font Info:    No file OMScmtt.fd. on input line 162.


LaTeX Font Warning: Font shape `OMS/cmtt/m/n' undefined
(Font)              using `OMS/cmsy/m/n' instead
(Font)              for symbol `textbraceleft' on input line 162.


Overfull \hbox (2.16312pt too wide) in paragraph at lines 145--166
\OT1/cmr/m/n/12 model, the en-tire model is shown as bel-low:  \OMS/cmtt/m/n/12
 f \OT1/cmtt/m/n/12 "user1":\OMS/cmtt/m/n/12 f \OT1/cmtt/m/n/12 "time-model":\O
MS/cmtt/m/n/12 f
 []


Overfull \hbox (23.37523pt too wide) in paragraph at lines 145--166
\OT1/cmtt/m/n/12 act-time-weekday, act-time-weekend \OMS/cmtt/m/n/12 g\OT1/cmtt
/m/n/12 , "location-model":\OMS/cmtt/m/n/12 f \OT1/cmtt/m/n/12 category1,
 []

) (./5_evaluation_v2.tex
File: figures/logo.eps Graphic file (type eps)
 <figures/logo.eps> [16]
Chapter 4.
File: figures/logo.eps Graphic file (type eps)
<figures/logo.eps> [17

]

LaTeX Warning: No positions in optional float specifier.
               Default added (so using `tbp') on input line 16.


LaTeX Warning: No positions in optional float specifier.
               Default added (so using `tbp') on input line 33.

File: figures/avgTLength_Freq_geotext.eps Graphic file (type eps)
<figures/avgTLength_Freq_geotext.eps>
File: figures/acc_size_category.eps Graphic file (type eps)
 <figures/acc_size_category.eps>
File: figures/logo.eps Graphic file (type eps)

<figures/logo.eps> [18]
Overfull \hbox (42.87608pt too wide) in paragraph at lines 76--77
\OT1/cmr/m/n/12 In this sec-tion, we will com-pare our Net-work Based Ac-tiv-it
y In-fer-ence Model(NBAIM)
 []

File: figures/logo.eps Graphic file (type eps)
<figures/logo.eps> [19]
File: figures/acc_cate_bar_geotext.eps Graphic file (type eps)
 <figures/acc_cate_bar_geotext.eps>
File: figures/cdf_acc_geotext.eps Graphic file (type eps)

<figures/cdf_acc_geotext.eps>
File: figures/likeli_cate_geotext_20.eps Graphic file (type eps)
 <figures/likeli_cate_geotext_20.eps>
File: figures/likeli_cate_geotext_40.eps Graphic file (type eps)

<figures/likeli_cate_geotext_40.eps>
File: figures/likeli_cate_geotext_60.eps Graphic file (type eps)
 <figures/likeli_cate_geotext_60.eps>
File: figures/likeli_cate_geotext_80.eps Graphic file (type eps)

<figures/likeli_cate_geotext_80.eps>
File: figures/likeli_cate_geotext.eps Graphic file (type eps)
 <figures/likeli_cate_geotext.eps>
File: figures/logo.eps Graphic file (type eps)

<figures/logo.eps> [20]) (./2_related_v2.tex
File: figures/logo.eps Graphic file (type eps)
 <figures/logo.eps> [21]
Chapter 5.

Overfull \hbox (14.65274pt too wide) in paragraph at lines 8--9
[]\OT1/cmr/m/n/12 Some ap-proaches fo-cus on in-fer user ac-tiv-ity from tra-je
c-to-ries [[]][[]][[]][[]].
 []

File: figures/logo.eps Graphic file (type eps)
<figures/logo.eps> [22

]) (./6_conclusion_v2.tex
File: figures/logo.eps Graphic file (type eps)
 <figures/logo.eps> [23]
Chapter 6.
)
File: figures/logo.eps Graphic file (type eps)
 <figures/logo.eps> [24

] (./activiting_sdm_v2.bbl
File: figures/logo.eps Graphic file (type eps)
 <figures/logo.eps> [25]
Missing character: There is no â in font cmr12!
Missing character: There is no € in font cmr12!
Missing character: There is no “ in font cmr12!
File: figures/logo.eps Graphic file (type eps)

<figures/logo.eps> [26

]
File: figures/logo.eps Graphic file (type eps)
 <figures/logo.eps> [27])
File: figures/logo.eps Graphic file (type eps)
 <figures/logo.eps> [28]
(./activiting_sdm_v2.aux)

LaTeX Font Warning: Some font shapes were not available, defaults substituted.


LaTeX Warning: There were multiply-defined labels.

 ) 
Here is how much of TeX's memory you used:
 4835 strings out of 493118
 65765 string characters out of 6135459
 145901 words of memory out of 5000000
 8190 multiletter control sequences out of 15000+600000
 13871 words of font info for 54 fonts, out of 8000000 for 9000
 1141 hyphenation exceptions out of 8191
 29i,11n,32p,1631b,365s stack positions out of 5000i,500n,10000p,200000b,80000s

Output written on activiting_sdm_v2.dvi (32 pages, 65312 bytes).
